Determining if the pthread_create exist failed with the following output:
Change Dir: /home/zihao/hector_quadrotor/build/CMakeFiles/CMakeTmp

Run Build Command:"/usr/bin/make" "cmTC_ee59b/fast"
/usr/bin/make -f CMakeFiles/cmTC_ee59b.dir/build.make CMakeFiles/cmTC_ee59b.dir/build
make[1]: Entering directory '/home/zihao/hector_quadrotor/build/CMakeFiles/CMakeTmp'
Building C object CMakeFiles/cmTC_ee59b.dir/CheckSymbolExists.c.o
/usr/bin/cc     -o CMakeFiles/cmTC_ee59b.dir/CheckSymbolExists.c.o   -c /home/zihao/hector_quadrotor/build/CMakeFiles/CMakeTmp/CheckSymbolExists.c
Linking C executable cmTC_ee59b
/usr/bin/cmake -E cmake_link_script CMakeFiles/cmTC_ee59b.dir/link.txt --verbose=1
/usr/bin/cc       CMakeFiles/cmTC_ee59b.dir/CheckSymbolExists.c.o  -o cmTC_ee59b -rdynamic 
CMakeFiles/cmTC_ee59b.dir/CheckSymbolExists.c.o: In function `main':
CheckSymbolExists.c:(.text+0x16): undefined reference to `pthread_create'
collect2: error: ld returned 1 exit status
CMakeFiles/cmTC_ee59b.dir/build.make:97: recipe for target 'cmTC_ee59b' failed
make[1]: *** [cmTC_ee59b] Error 1
make[1]: Leaving directory '/home/zihao/hector_quadrotor/build/CMakeFiles/CMakeTmp'
Makefile:126: recipe for target 'cmTC_ee59b/fast' failed
make: *** [cmTC_ee59b/fast] Error 2

File /home/zihao/hector_quadrotor/build/CMakeFiles/CMakeTmp/CheckSymbolExists.c:
/* */
#include <pthread.h>

int main(int argc, char** argv)
{
  (void)argv;
#ifndef pthread_create
  return ((int*)(&pthread_create))[argc];
#else
  (void)argc;
  return 0;
#endif
}

Determining if the function pthread_create exists in the pthreads failed with the following output:
Change Dir: /home/zihao/hector_quadrotor/build/CMakeFiles/CMakeTmp

Run Build Command:"/usr/bin/make" "cmTC_38bf7/fast"
/usr/bin/make -f CMakeFiles/cmTC_38bf7.dir/build.make CMakeFiles/cmTC_38bf7.dir/build
make[1]: Entering directory '/home/zihao/hector_quadrotor/build/CMakeFiles/CMakeTmp'
Building C object CMakeFiles/cmTC_38bf7.dir/CheckFunctionExists.c.o
/usr/bin/cc    -DCHECK_FUNCTION_EXISTS=pthread_create   -o CMakeFiles/cmTC_38bf7.dir/CheckFunctionExists.c.o   -c /usr/share/cmake-3.5/Modules/CheckFunctionExists.c
Linking C executable cmTC_38bf7
/usr/bin/cmake -E cmake_link_script CMakeFiles/cmTC_38bf7.dir/link.txt --verbose=1
/usr/bin/cc   -DCHECK_FUNCTION_EXISTS=pthread_create    CMakeFiles/cmTC_38bf7.dir/CheckFunctionExists.c.o  -o cmTC_38bf7 -rdynamic -lpthreads 
/usr/bin/ld: cannot find -lpthreads
collect2: error: ld returned 1 exit status
CMakeFiles/cmTC_38bf7.dir/build.make:97: recipe for target 'cmTC_38bf7' failed
make[1]: *** [cmTC_38bf7] Error 1
make[1]: Leaving directory '/home/zihao/hector_quadrotor/build/CMakeFiles/CMakeTmp'
Makefile:126: recipe for target 'cmTC_38bf7/fast' failed
make: *** [cmTC_38bf7/fast] Error 2


Determining if the Q_WS_WIN exist failed with the following output:
Change Dir: /home/zihao/hector_quadrotor/build/CMakeFiles/CMakeTmp

Run Build Command:"/usr/bin/make" "cmTC_6587f/fast"
/usr/bin/make -f CMakeFiles/cmTC_6587f.dir/build.make CMakeFiles/cmTC_6587f.dir/build
make[1]: Entering directory '/home/zihao/hector_quadrotor/build/CMakeFiles/CMakeTmp'
Building CXX object CMakeFiles/cmTC_6587f.dir/CheckSymbolExists.cxx.o
/usr/bin/c++    -I/usr/include/qt4   -o CMakeFiles/cmTC_6587f.dir/CheckSymbolExists.cxx.o -c /home/zihao/hector_quadrotor/build/CMakeFiles/CMakeTmp/CheckSymbolExists.cxx
/home/zihao/hector_quadrotor/build/CMakeFiles/CMakeTmp/CheckSymbolExists.cxx: In function ‘int main(int, char**)’:
/home/zihao/hector_quadrotor/build/CMakeFiles/CMakeTmp/CheckSymbolExists.cxx:8:19: error: ‘Q_WS_WIN’ was not declared in this scope
   return ((int*)(&Q_WS_WIN))[argc];
                   ^
CMakeFiles/cmTC_6587f.dir/build.make:65: recipe for target 'CMakeFiles/cmTC_6587f.dir/CheckSymbolExists.cxx.o' failed
make[1]: *** [CMakeFiles/cmTC_6587f.dir/CheckSymbolExists.cxx.o] Error 1
make[1]: Leaving directory '/home/zihao/hector_quadrotor/build/CMakeFiles/CMakeTmp'
Makefile:126: recipe for target 'cmTC_6587f/fast' failed
make: *** [cmTC_6587f/fast] Error 2

File /home/zihao/hector_quadrotor/build/CMakeFiles/CMakeTmp/CheckSymbolExists.cxx:
/* */
#include <QtCore/qglobal.h>

int main(int argc, char** argv)
{
  (void)argv;
#ifndef Q_WS_WIN
  return ((int*)(&Q_WS_WIN))[argc];
#else
  (void)argc;
  return 0;
#endif
}

Determining if the Q_WS_QWS exist failed with the following output:
Change Dir: /home/zihao/hector_quadrotor/build/CMakeFiles/CMakeTmp

Run Build Command:"/usr/bin/make" "cmTC_216ed/fast"
/usr/bin/make -f CMakeFiles/cmTC_216ed.dir/build.make CMakeFiles/cmTC_216ed.dir/build
make[1]: Entering directory '/home/zihao/hector_quadrotor/build/CMakeFiles/CMakeTmp'
Building CXX object CMakeFiles/cmTC_216ed.dir/CheckSymbolExists.cxx.o
/usr/bin/c++    -I/usr/include/qt4   -o CMakeFiles/cmTC_216ed.dir/CheckSymbolExists.cxx.o -c /home/zihao/hector_quadrotor/build/CMakeFiles/CMakeTmp/CheckSymbolExists.cxx
/home/zihao/hector_quadrotor/build/CMakeFiles/CMakeTmp/CheckSymbolExists.cxx: In function ‘int main(int, char**)’:
/home/zihao/hector_quadrotor/build/CMakeFiles/CMakeTmp/CheckSymbolExists.cxx:8:19: error: ‘Q_WS_QWS’ was not declared in this scope
   return ((int*)(&Q_WS_QWS))[argc];
                   ^
CMakeFiles/cmTC_216ed.dir/build.make:65: recipe for target 'CMakeFiles/cmTC_216ed.dir/CheckSymbolExists.cxx.o' failed
make[1]: *** [CMakeFiles/cmTC_216ed.dir/CheckSymbolExists.cxx.o] Error 1
make[1]: Leaving directory '/home/zihao/hector_quadrotor/build/CMakeFiles/CMakeTmp'
Makefile:126: recipe for target 'cmTC_216ed/fast' failed
make: *** [cmTC_216ed/fast] Error 2

File /home/zihao/hector_quadrotor/build/CMakeFiles/CMakeTmp/CheckSymbolExists.cxx:
/* */
#include <QtCore/qglobal.h>

int main(int argc, char** argv)
{
  (void)argv;
#ifndef Q_WS_QWS
  return ((int*)(&Q_WS_QWS))[argc];
#else
  (void)argc;
  return 0;
#endif
}

Determining if the Q_WS_MAC exist failed with the following output:
Change Dir: /home/zihao/hector_quadrotor/build/CMakeFiles/CMakeTmp

Run Build Command:"/usr/bin/make" "cmTC_f8f3a/fast"
/usr/bin/make -f CMakeFiles/cmTC_f8f3a.dir/build.make CMakeFiles/cmTC_f8f3a.dir/build
make[1]: Entering directory '/home/zihao/hector_quadrotor/build/CMakeFiles/CMakeTmp'
Building CXX object CMakeFiles/cmTC_f8f3a.dir/CheckSymbolExists.cxx.o
/usr/bin/c++    -I/usr/include/qt4   -o CMakeFiles/cmTC_f8f3a.dir/CheckSymbolExists.cxx.o -c /home/zihao/hector_quadrotor/build/CMakeFiles/CMakeTmp/CheckSymbolExists.cxx
/home/zihao/hector_quadrotor/build/CMakeFiles/CMakeTmp/CheckSymbolExists.cxx: In function ‘int main(int, char**)’:
/home/zihao/hector_quadrotor/build/CMakeFiles/CMakeTmp/CheckSymbolExists.cxx:8:19: error: ‘Q_WS_MAC’ was not declared in this scope
   return ((int*)(&Q_WS_MAC))[argc];
                   ^
CMakeFiles/cmTC_f8f3a.dir/build.make:65: recipe for target 'CMakeFiles/cmTC_f8f3a.dir/CheckSymbolExists.cxx.o' failed
make[1]: *** [CMakeFiles/cmTC_f8f3a.dir/CheckSymbolExists.cxx.o] Error 1
make[1]: Leaving directory '/home/zihao/hector_quadrotor/build/CMakeFiles/CMakeTmp'
Makefile:126: recipe for target 'cmTC_f8f3a/fast' failed
make: *** [cmTC_f8f3a/fast] Error 2

File /home/zihao/hector_quadrotor/build/CMakeFiles/CMakeTmp/CheckSymbolExists.cxx:
/* */
#include <QtCore/qglobal.h>

int main(int argc, char** argv)
{
  (void)argv;
#ifndef Q_WS_MAC
  return ((int*)(&Q_WS_MAC))[argc];
#else
  (void)argc;
  return 0;
#endif
}

